<?xml version="1.0" encoding="UTF-8"?>
<!-- Generated by org.testng.reporters.JUnitReportReporter -->
<testsuite hostname="DESKTOP-58C21UF" failures="0" tests="6" name="test.TestNGActiTimeHeader" time="34.454" errors="0" timestamp="2022-02-05T14:09:15 IST" skipped="0">
  <testcase classname="test.TestNGActiTimeHeader" name="toVerifyReportTab" time="5.365"/>
  <system-out/>
  <testcase classname="test.TestNGActiTimeHeader" name="toVerifyUserTab" time="4.739"/>
  <system-out/>
  <testcase classname="test.TestNGActiTimeHeader" name="toVerifyReportTab" time="7.110"/>
  <system-out/>
  <testcase classname="test.TestNGActiTimeHeader" name="toVerifyTaskTab" time="4.482"/>
  <system-out/>
  <testcase classname="test.TestNGActiTimeHeader" name="toVerifyTaskTab" time="6.589"/>
  <system-out/>
  <testcase classname="test.TestNGActiTimeHeader" name="toVerifyUserTab" time="6.169"/>
  <system-out/>
</testsuite> <!-- test.TestNGActiTimeHeader -->
