<?xml version="1.0" encoding="UTF-8"?>
<!-- Generated by org.testng.reporters.JUnitReportReporter -->
<testsuite hostname="DESKTOP-58C21UF" failures="0" tests="6" name="test.TestNGActiTimeHeader" time="20.017" errors="0" timestamp="2022-02-05T14:19:27 IST" skipped="0">
  <testcase classname="test.TestNGActiTimeHeader" name="toVerifyTaskTab" time="2.435"/>
  <system-out/>
  <testcase classname="test.TestNGActiTimeHeader" name="toVerifyUserTab" time="4.280"/>
  <system-out/>
  <testcase classname="test.TestNGActiTimeHeader" name="toVerifyReportTab" time="3.415"/>
  <system-out/>
  <testcase classname="test.TestNGActiTimeHeader" name="toVerifyUserTab" time="2.653"/>
  <system-out/>
  <testcase classname="test.TestNGActiTimeHeader" name="toVerifyTaskTab" time="4.242"/>
  <system-out/>
  <testcase classname="test.TestNGActiTimeHeader" name="toVerifyReportTab" time="2.992"/>
  <system-out/>
</testsuite> <!-- test.TestNGActiTimeHeader -->
