<?xml version="1.0" encoding="UTF-8"?>
<!-- Generated by org.testng.reporters.JUnitReportReporter -->
<testsuite hostname="DESKTOP-58C21UF" failures="0" tests="6" name="test.TestNGActiTimeHeader" time="20.203" errors="0" timestamp="2022-02-01T23:10:32 IST" skipped="0">
  <testcase classname="test.TestNGActiTimeHeader" name="toVerifyReportTab" time="3.111"/>
  <system-out/>
  <testcase classname="test.TestNGActiTimeHeader" name="toVerifyReportTab" time="4.371"/>
  <system-out/>
  <testcase classname="test.TestNGActiTimeHeader" name="toVerifyTaskTab" time="4.459"/>
  <system-out/>
  <testcase classname="test.TestNGActiTimeHeader" name="toVerifyTaskTab" time="2.296"/>
  <system-out/>
  <testcase classname="test.TestNGActiTimeHeader" name="toVerifyUserTab" time="3.238"/>
  <system-out/>
  <testcase classname="test.TestNGActiTimeHeader" name="toVerifyUserTab" time="2.728"/>
  <system-out/>
</testsuite> <!-- test.TestNGActiTimeHeader -->
